<html>
<body>
<pre>
<h1>Vision Build Log</h1>
<h2>Tool Versions:</h2>
IDE-Version: μVision V5.12.0.0
Copyright (C) 2014 ARM Ltd and ARM Germany GmbH. All rights reserved.
License Information: huihui Microsoft, Microsoft, LIC=KIVFW-QD5KC-ZD6K6-DQYMS-4HUE5-UG8TW
 
Tool Versions:
Toolchain:       MDK-ARM Professional  Version: 5.12.0.0
Toolchain Path:  d:\Keil_v5\ARM\ARMCC\Bin
C Compiler:      Armcc.exe V5.05 (build 41)
Assembler:       Armasm.exe V5.05 (build 41)
Linker/Locator:  ArmLink.exe V5.05 (build 41)
Library Manager: ArmAr.exe V5.05 (build 41)
Hex Converter:   FromElf.exe V5.05 (build 41)
CPU DLL:         SARMCM3.DLL V5.12.0.0
Dialog DLL:      DCM.DLL V1.13.0.0
Target DLL:      UL2CM3.DLL V1.153.0.0
Dialog DLL:      TCM.DLL V1.14.2.0
 
<h2>Project:</h2>
F:\ai-english\MS3\STM32_PRJ\Project\RVMDK（uv4）\iSO-STM32.uvprojx
Project File Date:  10/14/2014

<h2>Output:</h2>
Rebuild target 'USART'
assembling startup_stm32f10x_hd.s...
compiling core_cm3.c...
compiling system_stm32f10x.c...
compiling misc.c...
compiling stm32f10x_adc.c...
compiling stm32f10x_bkp.c...
compiling stm32f10x_can.c...
compiling stm32f10x_cec.c...
compiling stm32f10x_crc.c...
compiling stm32f10x_dac.c...
compiling stm32f10x_dbgmcu.c...
compiling stm32f10x_dma.c...
compiling stm32f10x_exti.c...
compiling stm32f10x_flash.c...
compiling stm32f10x_fsmc.c...
compiling stm32f10x_gpio.c...
compiling stm32f10x_i2c.c...
compiling stm32f10x_iwdg.c...
compiling stm32f10x_pwr.c...
compiling stm32f10x_rcc.c...
compiling stm32f10x_rtc.c...
compiling stm32f10x_sdio.c...
compiling stm32f10x_spi.c...
compiling stm32f10x_tim.c...
compiling stm32f10x_usart.c...
compiling stm32f10x_wwdg.c...
compiling main.c...
compiling stm32f10x_it.c...
compiling usart.c...
compiling LD3320.c...
..\..\User\LD3320\LD3320.c(17): error:  #147-D: declaration is incompatible with "void LD3320_main(void)" (declared at line 38 of "..\..\User\LD3320\LD3320.h")
  void LD3320_main(uint8 msg)
..\..\User\LD3320\LD3320.c(508): warning:  #223-D: function "MSG_SEND_MSG" declared implicitly
                                MSG_SEND_MSG(MSG_LD_IDENTIFY,LD_ASR_FOUNDOK);
..\..\User\LD3320\LD3320.c(508): error:  #20: identifier "MSG_LD_IDENTIFY" is undefined
                                MSG_SEND_MSG(MSG_LD_IDENTIFY,LD_ASR_FOUNDOK);
..\..\User\LD3320\LD3320.c(513): warning:  #223-D: function "MSG_SEND_MSG" declared implicitly
                                MSG_SEND_MSG(MSG_LD_IDENTIFY,LD_ASR_FOUNDZERO);
..\..\User\LD3320\LD3320.c(513): error:  #20: identifier "MSG_LD_IDENTIFY" is undefined
                                MSG_SEND_MSG(MSG_LD_IDENTIFY,LD_ASR_FOUNDZERO);
..\..\User\LD3320\LD3320.c(519): warning:  #223-D: function "MSG_SEND_MSG" declared implicitly
                MSG_SEND_MSG(MSG_LD_IDENTIFY,LD_ASR_FOUNDZERO);
..\..\User\LD3320\LD3320.c(519): error:  #20: identifier "MSG_LD_IDENTIFY" is undefined
                MSG_SEND_MSG(MSG_LD_IDENTIFY,LD_ASR_FOUNDZERO);
..\..\User\LD3320\LD3320.c(134): warning:  #177-D: function "Board_text" was declared but never referenced
  static void Board_text(uint8 Code_Val)
..\..\User\LD3320\LD3320.c(222): warning:  #177-D: function "LD3320_init" was declared but never referenced
  static void LD3320_init(void)
..\..\User\LD3320\LD3320.c: 5 warnings, 4 errors
compiling boot.c...
..\..\..\SourceFile\..\STM32_PRJ\Libraries\CMSIS\stm32f10x.h(524): error:  #40: expected an identifier
  typedef enum {ERROR = 0, SUCCESS = !ERROR} ErrorStatus;
..\..\..\SourceFile\message.h(37): warning:  #375-D: declaration requires a typedef name
  };
..\..\..\SourceFile\timer.h(31): warning:  #375-D: declaration requires a typedef name
  };
..\..\..\SourceFile\key.h(42): warning:  #375-D: declaration requires a typedef name
  };
..\..\..\SourceFile\boot.c(85): warning:  #223-D: function "LD3320_init" declared implicitly
        LD3320_init();    
..\..\..\SourceFile\boot.c(87): warning:  #223-D: function "CH375_init" declared implicitly
    CH375_init();       
..\..\..\SourceFile\boot.c(99): error:  #20: identifier "EA" is undefined
        INTERRUPT_ENABLE();                                                                     /*enable global interrupt*/
..\..\..\SourceFile\boot.c(143): error:  #20: identifier "MSG_LD_IDENTIFY" is undefined
                        case MSG_LD_IDENTIFY:   
..\..\..\SourceFile\boot.c(145): warning:  #223-D: function "LD3320_min" declared implicitly
                          LD3320_min(MSG_VALUE(Msg));
..\..\..\SourceFile\boot.c(111): warning:  #177-D: variable "i" was declared but never referenced
        U8 i = 0;
..\..\..\SourceFile\boot.c: 7 warnings, 3 errors
compiling flash.c...
..\..\..\SourceFile\..\STM32_PRJ\Libraries\CMSIS\stm32f10x.h(524): error:  #40: expected an identifier
  typedef enum {ERROR = 0, SUCCESS = !ERROR} ErrorStatus;
..\..\..\SourceFile\message.h(37): warning:  #375-D: declaration requires a typedef name
  };
..\..\..\SourceFile\timer.h(31): warning:  #375-D: declaration requires a typedef name
  };
..\..\..\SourceFile\key.h(42): warning:  #375-D: declaration requires a typedef name
  };
..\..\..\SourceFile\flash.c: 3 warnings, 1 error
compiling key.c...
..\..\..\SourceFile\..\STM32_PRJ\Libraries\CMSIS\stm32f10x.h(524): error:  #40: expected an identifier
  typedef enum {ERROR = 0, SUCCESS = !ERROR} ErrorStatus;
..\..\..\SourceFile\message.h(37): warning:  #375-D: declaration requires a typedef name
  };
..\..\..\SourceFile\timer.h(31): warning:  #375-D: declaration requires a typedef name
  };
..\..\..\SourceFile\key.h(42): warning:  #375-D: declaration requires a typedef name
  };
..\..\..\SourceFile\key.c(27): error:  #20: identifier "U1" is undefined
  static U1 KeyEnable = TRUE;
..\..\..\SourceFile\key.c(98): error:  #65: expected a ";"
        U8 data  KeyRead;
..\..\..\SourceFile\key.c(100): error:  #101: "data" has already been declared in the current scope
        static U8 data KeySafeguardInterval = 0;
..\..\..\SourceFile\key.c(100): error:  #65: expected a ";"
        static U8 data KeySafeguardInterval = 0;
..\..\..\SourceFile\key.c(101): error:  #101: "data" has already been declared in the current scope
        static U8 data KeyCounter = 0;
..\..\..\SourceFile\key.c(101): error:  #65: expected a ";"
        static U8 data KeyCounter = 0;
..\..\..\SourceFile\key.c(102): error:  #101: "data" has already been declared in the current scope
        static U8 data KeySave = 0;
..\..\..\SourceFile\key.c(102): error:  #65: expected a ";"
        static U8 data KeySave = 0;
..\..\..\SourceFile\key.c(108): error:  #20: identifier "KeyRead" is undefined
        KeyRead = key_read();   /*读取按键值*/
..\..\..\SourceFile\key.c(113): error:  #20: identifier "KeySafeguardInterval" is undefined
                if(KeySafeguardInterval)/*防止按键接触不良引起的多重触发*/      
..\..\..\SourceFile\key.c(117): error:  #20: identifier "KeyCounter" is undefined
                KeyCounter = 0;
..\..\..\SourceFile\key.c(121): error:  #20: identifier "KeyCounter" is undefined
        KeyCounter++;   /*当有效按键，自加*/
..\..\..\SourceFile\key.c(125): error:  #20: identifier "KeySafeguardInterval" is undefined
                if((!KeySafeguardInterval) && (KeySave == KeyRead))
..\..\..\SourceFile\key.c(125): error:  #20: identifier "KeySave" is undefined
                if((!KeySafeguardInterval) && (KeySave == KeyRead))
..\..\..\SourceFile\key.c(136): error:  #20: identifier "KeySave" is undefined
                if(KeySave == KeyRead)
..\..\..\SourceFile\key.c(143): error:  #20: identifier "KeySave" is undefined
        KeySave = KeyRead;
..\..\..\SourceFile\key.c(98): warning:  #177-D: variable "data" was declared but never referenced
        U8 data  KeyRead;
..\..\..\SourceFile\key.c(100): warning:  #177-D: variable "data" was declared but never referenced
        static U8 data KeySafeguardInterval = 0;
..\..\..\SourceFile\key.c(101): warning:  #177-D: variable "data" was declared but never referenced
        static U8 data KeyCounter = 0;
..\..\..\SourceFile\key.c(102): warning:  #177-D: variable "data" was declared but never referenced
        static U8 data KeySave = 0;
..\..\..\SourceFile\key.c: 7 warnings, 17 errors
compiling mcu.c...
..\..\..\SourceFile\..\STM32_PRJ\Libraries\CMSIS\stm32f10x.h(524): error:  #40: expected an identifier
  typedef enum {ERROR = 0, SUCCESS = !ERROR} ErrorStatus;
..\..\..\SourceFile\message.h(37): warning:  #375-D: declaration requires a typedef name
  };
..\..\..\SourceFile\timer.h(31): warning:  #375-D: declaration requires a typedef name
  };
..\..\..\SourceFile\key.h(42): warning:  #375-D: declaration requires a typedef name
  };
..\..\..\SourceFile\mcu.c(340): warning:  #177-D: function "UartInterruptService" was declared but never referenced
  static void UartInterruptService(void) //interrupt 4
..\..\..\SourceFile\mcu.c: 4 warnings, 1 error
compiling mcu_ext.c...
..\..\..\SourceFile\..\STM32_PRJ\Libraries\CMSIS\stm32f10x.h(524): error:  #40: expected an identifier
  typedef enum {ERROR = 0, SUCCESS = !ERROR} ErrorStatus;
..\..\..\SourceFile\message.h(37): warning:  #375-D: declaration requires a typedef name
  };
..\..\..\SourceFile\timer.h(31): warning:  #375-D: declaration requires a typedef name
  };
..\..\..\SourceFile\key.h(42): warning:  #375-D: declaration requires a typedef name
  };
..\..\..\SourceFile\mcu_ext.c(35): error:  #20: identifier "sbit" is undefined
  sbit SDA = P1^0;                      /*模拟串行转并行口，下降沿有效，输出为低电平可控点亮*/
..\..\..\SourceFile\mcu_ext.c(35): error:  #20: identifier "P1" is undefined
  sbit SDA = P1^0;                      /*模拟串行转并行口，下降沿有效，输出为低电平可控点亮*/
..\..\..\SourceFile\mcu_ext.c(36): error:  #20: identifier "sbit" is undefined
  sbit SCL = P1^1;                      /*模拟串并行转换的时钟信号线*/
..\..\..\SourceFile\mcu_ext.c(38): error:  #20: identifier "sbit" is undefined
  sbit KEY = P1^2;                      /*键盘，低电平有效，检测位*/
..\..\..\SourceFile\mcu_ext.c(40): error:  #20: identifier "sbit" is undefined
  sbit DISPLAY0 = P1^3;         /*EBIT4, 低电平有效*/
..\..\..\SourceFile\mcu_ext.c(41): error:  #20: identifier "sbit" is undefined
  sbit DISPLAY1 = P1^4;         /*EBIT3*/
..\..\..\SourceFile\mcu_ext.c(42): error:  #20: identifier "sbit" is undefined
  sbit DISPLAY2 = P1^5;         /*EBIT2*/
..\..\..\SourceFile\mcu_ext.c(43): error:  #20: identifier "sbit" is undefined
  sbit DISPLAY3 = P1^6;         /*EBIT1*/
..\..\..\SourceFile\mcu_ext.c(45): error:  #20: identifier "sbit" is undefined
  sbit LED = P1^7;                      /*EBIT0，低电平有效*/
..\..\..\SourceFile\mcu_ext.c(47): error:  #65: expected a ";"
  U8 code LedDisplayMap[2][16] =
..\..\..\SourceFile\mcu_ext.c(51): warning:  #12-D: parsing restarts here after previous syntax error
  };
..\..\..\SourceFile\mcu_ext.c(149): error:  #20: identifier "U1" is undefined
   void LedDisplay_control(U1 boDp, U8 LedDisplayIndex, U8 value)
..\..\..\SourceFile\mcu_ext.c(151): error:  #20: identifier "U1" is undefined
        U1 i;
..\..\..\SourceFile\mcu_ext.c(154): error:  #20: identifier "LedDisplayMap" is undefined
        SendData(LedDisplayMap[i][value]);              /*r发送LED显示数据到串并转换电路*/
..\..\..\SourceFile\mcu_ext.c: 4 warnings, 14 errors
compiling message.c...
..\..\..\SourceFile\..\STM32_PRJ\Libraries\CMSIS\stm32f10x.h(524): error:  #40: expected an identifier
  typedef enum {ERROR = 0, SUCCESS = !ERROR} ErrorStatus;
..\..\..\SourceFile\message.h(37): warning:  #375-D: declaration requires a typedef name
  };
..\..\..\SourceFile\timer.h(31): warning:  #375-D: declaration requires a typedef name
  };
..\..\..\SourceFile\key.h(42): warning:  #375-D: declaration requires a typedef name
  };
..\..\..\SourceFile\message.c(25): error:  #65: expected a ";"
  static U8 data u8MsgHead;             /*position that msg will be put in*/
..\..\..\SourceFile\message.c(26): error:  #65: expected a ";"
  static U8 data u8MsgTail;             /*position that msg will be get out*/
..\..\..\SourceFile\message.c(27): error:  #65: expected a ";"
  static U8 data u8MsgNum;              /*msg number*/
..\..\..\SourceFile\message.c(28): error:  #147: declaration is incompatible with "U8 data" (declared at line 25)
  static U16 data u16MsgArray[MSG_ARRAY_SIZE];  /*msg queue*/
..\..\..\SourceFile\message.c(28): error:  #65: expected a ";"
  static U16 data u16MsgArray[MSG_ARRAY_SIZE];  /*msg queue*/
..\..\..\SourceFile\message.c(40): error:  #20: identifier "u8MsgHead" is undefined
        u8MsgHead = 0;
..\..\..\SourceFile\message.c(41): error:  #20: identifier "u8MsgTail" is undefined
        u8MsgTail = 0;
..\..\..\SourceFile\message.c(42): error:  #20: identifier "u8MsgNum" is undefined
        u8MsgNum = 0;
..\..\..\SourceFile\message.c(60): error:  #20: identifier "EA" is undefined
        EA_MAP = INTERRUPT_GET();
..\..\..\SourceFile\message.c(63): error:  #20: identifier "u8MsgNum" is undefined
        if (u8MsgNum >= MSG_ARRAY_SIZE)
..\..\..\SourceFile\message.c(70): error:  #20: identifier "u16MsgArray" is undefined
        u16MsgArray[ u8MsgHead] = u16;  
..\..\..\SourceFile\message.c(70): error:  #20: identifier "u8MsgHead" is undefined
        u16MsgArray[ u8MsgHead] = u16;  
..\..\..\SourceFile\message.c(86): error:  #20: identifier "EA" is undefined
        EA_MAP = INTERRUPT_GET();
..\..\..\SourceFile\message.c(88): error:  #20: identifier "u8MsgNum" is undefined
        if (u8MsgNum >= MSG_ARRAY_SIZE)
..\..\..\SourceFile\message.c(95): error:  #20: identifier "u16MsgArray" is undefined
        ((U8 *)(&(u16MsgArray[ u8MsgHead])))[0] = MsgType;      
..\..\..\SourceFile\message.c(95): error:  #20: identifier "u8MsgHead" is undefined
        ((U8 *)(&(u16MsgArray[ u8MsgHead])))[0] = MsgType;      
..\..\..\SourceFile\message.c(123): error:  #20: identifier "u8MsgNum" is undefined
        if (u8MsgNum == 0)
..\..\..\SourceFile\message.c(129): error:  #20: identifier "EA" is undefined
        EA_MAP = INTERRUPT_GET();
..\..\..\SourceFile\message.c(133): error:  #20: identifier "u16MsgArray" is undefined
        *pU16 = u16MsgArray[u8MsgTail];
..\..\..\SourceFile\message.c(133): error:  #20: identifier "u8MsgTail" is undefined
        *pU16 = u16MsgArray[u8MsgTail];
..\..\..\SourceFile\message.c(25): warning:  #177-D: variable "data" was declared but never referenced
  static U8 data u8MsgHead;             /*position that msg will be put in*/
..\..\..\SourceFile\message.c(28): warning:  #177-D: variable "data" was declared but never referenced
  static U16 data u16MsgArray[MSG_ARRAY_SIZE];  /*msg queue*/
..\..\..\SourceFile\message.c: 5 warnings, 21 errors
compiling mmi.c...
..\..\..\SourceFile\..\STM32_PRJ\Libraries\CMSIS\stm32f10x.h(524): error:  #40: expected an identifier
  typedef enum {ERROR = 0, SUCCESS = !ERROR} ErrorStatus;
..\..\..\SourceFile\message.h(37): warning:  #375-D: declaration requires a typedef name
  };
..\..\..\SourceFile\timer.h(31): warning:  #375-D: declaration requires a typedef name
  };
..\..\..\SourceFile\key.h(42): warning:  #375-D: declaration requires a typedef name
  };
..\..\..\SourceFile\mmi.c(24): error:  #65: expected a ";"
  Function idata fMMIProc;
..\..\..\SourceFile\mmi.c(26): error:  #20: identifier "bool" is undefined
  bool bTimer = FALSE;
..\..\..\SourceFile\mmi.c(58): warning:  #192-D: unrecognized character escape sequence
        uprintf("\Author: wangsw\n");
..\..\..\SourceFile\mmi.c(59): warning:  #192-D: unrecognized character escape sequence
        uprintf("\Blog: www.eefocus\\wangsw\\blog\n");
..\..\..\SourceFile\mmi.c(97): warning:  #192-D: unrecognized character escape sequence
        uprintf("\Author: wangsw\n");
..\..\..\SourceFile\mmi.c(98): warning:  #192-D: unrecognized character escape sequence
        uprintf("\Blog: www.eefocus\\wangsw\\blog\n");
..\..\..\SourceFile\mmi.c(151): warning:  #223-D: function "printf" declared implicitly
        printf("timer is = %d :%d :%d",(U16)tTCMember.hour,(U16)tTCMember.minute,(U16)tTCMember.second);
..\..\..\SourceFile\mmi.c: 8 warnings, 3 errors
compiling putchar.c...
..\..\..\SourceFile\reg52x2.h(14): error:  #20: identifier "sfr" is undefined
  sfr P0    = 0x80;
..\..\..\SourceFile\reg52x2.h(15): error:  #20: identifier "sfr" is undefined
  sfr P1    = 0x90;
..\..\..\SourceFile\reg52x2.h(16): error:  #20: identifier "sfr" is undefined
  sfr P2    = 0xA0;
..\..\..\SourceFile\reg52x2.h(17): error:  #20: identifier "sfr" is undefined
  sfr P3    = 0xB0;
..\..\..\SourceFile\reg52x2.h(18): error:  #20: identifier "sfr" is undefined
  sfr PSW   = 0xD0;
..\..\..\SourceFile\reg52x2.h(19): error:  #20: identifier "sfr" is undefined
  sfr ACC   = 0xE0;
..\..\..\SourceFile\reg52x2.h(20): error:  #20: identifier "sfr" is undefined
  sfr B     = 0xF0;
..\..\..\SourceFile\reg52x2.h(21): error:  #20: identifier "sfr" is undefined
  sfr SP    = 0x81;
..\..\..\SourceFile\reg52x2.h(22): error:  #20: identifier "sfr" is undefined
  sfr DPL   = 0x82;
..\..\..\SourceFile\reg52x2.h(23): error:  #20: identifier "sfr" is undefined
  sfr DPH   = 0x83;
..\..\..\SourceFile\reg52x2.h(24): error:  #20: identifier "sfr" is undefined
  sfr PCON  = 0x87;
..\..\..\SourceFile\reg52x2.h(25): error:  #20: identifier "sfr" is undefined
  sfr TCON  = 0x88;
..\..\..\SourceFile\reg52x2.h(26): error:  #20: identifier "sfr" is undefined
  sfr TMOD  = 0x89;
..\..\..\SourceFile\reg52x2.h(27): error:  #20: identifier "sfr" is undefined
  sfr TL0   = 0x8A;
..\..\..\SourceFile\reg52x2.h(28): error:  #20: identifier "sfr" is undefined
  sfr TL1   = 0x8B;
..\..\..\SourceFile\reg52x2.h(29): error:  #20: identifier "sfr" is undefined
  sfr TH0   = 0x8C;
..\..\..\SourceFile\reg52x2.h(30): error:  #20: identifier "sfr" is undefined
  sfr TH1   = 0x8D;
..\..\..\SourceFile\reg52x2.h(31): error:  #20: identifier "sfr" is undefined
  sfr IE    = 0xA8;
..\..\..\SourceFile\reg52x2.h(32): error:  #20: identifier "sfr" is undefined
  sfr IP    = 0xB8;
..\..\..\SourceFile\reg52x2.h(33): error:  #20: identifier "sfr" is undefined
  sfr SCON  = 0x98;
..\..\..\SourceFile\reg52x2.h(34): error:  #20: identifier "sfr" is undefined
  sfr SBUF  = 0x99;
..\..\..\SourceFile\reg52x2.h(37): error:  #20: identifier "sfr" is undefined
  sfr T2CON  = 0xC8;
..\..\..\SourceFile\reg52x2.h(38): error:  #20: identifier "sfr" is undefined
  sfr RCAP2L = 0xCA;
..\..\..\SourceFile\reg52x2.h(39): error:  #20: identifier "sfr" is undefined
  sfr RCAP2H = 0xCB;
..\..\..\SourceFile\reg52x2.h(40): error:  #20: identifier "sfr" is undefined
  sfr TL2    = 0xCC;
..\..\..\SourceFile\reg52x2.h(41): error:  #20: identifier "sfr" is undefined
  sfr TH2    = 0xCD;
..\..\..\SourceFile\reg52x2.h(43): error:  #20: identifier "sfr" is undefined
  sfr CKCON   = 0x8F;
..\..\..\SourceFile\reg52x2.h(44): error:  #20: identifier "sfr" is undefined
  sfr T2MOD   = 0xC9;
..\..\..\SourceFile\reg52x2.h(45): error:  #20: identifier "sfr" is undefined
  sfr IPH           =0xB7;
..\..\..\SourceFile\reg52x2.h(46): error:  #20: identifier "sfr" is undefined
  sfr AUXR    =0x8E;
..\..\..\SourceFile\putchar.c: 0 warnings, 30 errors
compiling routine.c...
..\..\..\SourceFile\..\STM32_PRJ\Libraries\CMSIS\stm32f10x.h(524): error:  #40: expected an identifier
  typedef enum {ERROR = 0, SUCCESS = !ERROR} ErrorStatus;
..\..\..\SourceFile\message.h(37): warning:  #375-D: declaration requires a typedef name
  };
..\..\..\SourceFile\timer.h(31): warning:  #375-D: declaration requires a typedef name
  };
..\..\..\SourceFile\key.h(42): warning:  #375-D: declaration requires a typedef name
  };
..\..\..\SourceFile\routine.c: 3 warnings, 1 error
compiling rtc.c...
..\..\..\SourceFile\message.h(37): warning:  #375-D: declaration requires a typedef name
  };
..\..\..\SourceFile\rtc.c: 1 warning, 0 errors
compiling timer.c...
..\..\..\SourceFile\..\STM32_PRJ\Libraries\CMSIS\stm32f10x.h(524): error:  #40: expected an identifier
  typedef enum {ERROR = 0, SUCCESS = !ERROR} ErrorStatus;
..\..\..\SourceFile\message.h(37): warning:  #375-D: declaration requires a typedef name
  };
..\..\..\SourceFile\timer.h(31): warning:  #375-D: declaration requires a typedef name
  };
..\..\..\SourceFile\key.h(42): warning:  #375-D: declaration requires a typedef name
  };
..\..\..\SourceFile\timer.c(61): error:  #65: expected a ";"
  static U8 data MSTimerID = 0;
..\..\..\SourceFile\timer.c(62): error:  #65: expected a ";"
  static U8 idata MSTimerMode = 0;
..\..\..\SourceFile\timer.c(63): error:  #147: declaration is incompatible with "U8 idata" (declared at line 62)
  static MSTIMER_T idata MSTimerArray[MSTIMER_NUMBER];
..\..\..\SourceFile\timer.c(63): error:  #65: expected a ";"
  static MSTIMER_T idata MSTimerArray[MSTIMER_NUMBER];
..\..\..\SourceFile\timer.c(82): error:  #20: identifier "MSTimerID" is undefined
        MSTimerID_Map = MSTimerID;
..\..\..\SourceFile\timer.c(88): error:  #20: identifier "MSTimerArray" is undefined
                        if(!(--MSTimerArray[i].delay))/*倒计时*/
..\..\..\SourceFile\timer.c(90): error:  #20: identifier "MSTimerMode" is undefined
                                if(GETBIT(MSTimerMode, i))
..\..\..\SourceFile\timer.c(128): error:  #20: identifier "EA" is undefined
        EA_MAP = INTERRUPT_GET();
..\..\..\SourceFile\timer.c(134): error:  #20: identifier "MSTimerID" is undefined
                if(!GETBIT(MSTimerID, i))       
..\..\..\SourceFile\timer.c(136): error:  #20: identifier "MSTimerArray" is undefined
                        MSTimerArray[i].delay = Delay;/*延时时间*/
..\..\..\SourceFile\timer.c(140): error:  #20: identifier "MSTimerMode" is undefined
                                SETBIT(MSTimerMode, i);
..\..\..\SourceFile\timer.c(144): error:  #20: identifier "MSTimerMode" is undefined
                                RESETBIT(MSTimerMode, i);
..\..\..\SourceFile\timer.c(155): warning:  #111-D: statement is unreachable
        return 0xFF;
..\..\..\SourceFile\timer.c(170): error:  #20: identifier "EA" is undefined
        EA_MAP = INTERRUPT_GET();
..\..\..\SourceFile\timer.c(175): error:  #20: identifier "MSTimerID" is undefined
                RESETBIT(MSTimerID, Id);
..\..\..\SourceFile\timer.c(224): error:  #20: identifier "MSTimerID" is undefined
        if(MSTimerID > 0)       /*识别有无软件定时器进程*/
..\..\..\SourceFile\timer.c(61): warning:  #177-D: variable "data" was declared but never referenced
  static U8 data MSTimerID = 0;
..\..\..\SourceFile\timer.c(62): warning:  #177-D: variable "idata" was declared but never referenced
  static U8 idata MSTimerMode = 0;
..\..\..\SourceFile\timer.c(63): warning:  #177-D: variable "idata" was declared but never referenced
  static MSTIMER_T idata MSTimerArray[MSTIMER_NUMBER];
..\..\..\SourceFile\timer.c: 7 warnings, 16 errors
compiling trace.c...
..\..\..\SourceFile\..\STM32_PRJ\Libraries\CMSIS\stm32f10x.h(524): error:  #40: expected an identifier
  typedef enum {ERROR = 0, SUCCESS = !ERROR} ErrorStatus;
..\..\..\SourceFile\message.h(37): warning:  #375-D: declaration requires a typedef name
  };
..\..\..\SourceFile\timer.h(31): warning:  #375-D: declaration requires a typedef name
  };
..\..\..\SourceFile\key.h(42): warning:  #375-D: declaration requires a typedef name
  };
..\..\..\SourceFile\trace.c: 3 warnings, 1 error
compiling uart.c...
..\..\..\SourceFile\..\STM32_PRJ\Libraries\CMSIS\stm32f10x.h(524): error:  #40: expected an identifier
  typedef enum {ERROR = 0, SUCCESS = !ERROR} ErrorStatus;
..\..\..\SourceFile\message.h(37): warning:  #375-D: declaration requires a typedef name
  };
..\..\..\SourceFile\timer.h(31): warning:  #375-D: declaration requires a typedef name
  };
..\..\..\SourceFile\key.h(42): warning:  #375-D: declaration requires a typedef name
  };
..\..\..\SourceFile\uart.c(80): warning:  #167-D: argument of type "U8 *" is incompatible with parameter of type "const char *"
                i = strlen(pData);
..\..\..\SourceFile\uart.c: 4 warnings, 1 error
compiling utility.c...
..\..\..\SourceFile\utility.c(19): error:  #5: cannot open source input file "intrins.h": No such file or directory
  #include <intrins.h>
..\..\..\SourceFile\utility.c: 0 warnings, 1 error
compiling wnd.c...
..\..\..\SourceFile\wnd.c(14): error:  #20: identifier "PWND" is undefined
  static PWND g_pCurrentWnd=0; //当前窗口
..\..\..\SourceFile\wnd.c(15): error:  #20: identifier "uint8_t" is undefined
  static uint8_t g_WndBuffer[MAX_WND_BUF_SIZE];//分配给窗口用的缓冲区
..\..\..\SourceFile\wnd.c(16): error:  #20: identifier "uint8_t" is undefined
  static uint8_t *g_pWndBuf=g_WndBuffer;//缓冲分配当前位置
..\..\..\SourceFile\wnd.c(19): error:  #20: identifier "PWND" is undefined
  void CreateWnd(PWND pWnd,                     \
..\..\..\SourceFile\wnd.c(20): error:  #92: identifier-list parameters may only be used in a function definition
                                void (*kf)(PWND ,uint8_t) ,   \
..\..\..\SourceFile\wnd.c(21): error:  #20: identifier "PWND" is undefined
                                PWND parWnd,                  \
..\..\..\SourceFile\wnd.c(22): error:  #20: identifier "uint8_t" is undefined
                                uint8_t buf_size)
..\..\..\SourceFile\wnd.c(24): error:  #20: identifier "uint8_t" is undefined
        uint8_t i;
..\..\..\SourceFile\wnd.c(41): error:  #20: identifier "PWND" is undefined
  void SetCallBackWnd(PWND pWnd,\
..\..\..\SourceFile\wnd.c(42): error:  #92: identifier-list parameters may only be used in a function definition
                                                                                void (*Load)(PWND),\
..\..\..\SourceFile\wnd.c(43): error:  #92: identifier-list parameters may only be used in a function definition
                                                                                void (*UnLoad)(PWND),\
..\..\..\SourceFile\wnd.c(44): error:  #92: identifier-list parameters may only be used in a function definition
                                                                                void (*TimerEvent)(PWND,uint8_t))
..\..\..\SourceFile\wnd.c(52): error:  #20: identifier "PWND" is undefined
  void SetCurrentWnd(PWND pWnd)
..\..\..\SourceFile\wnd.c(77): error:  #20: identifier "uint8_t" is undefined
  void CurrentKeyEvent(uint8_t key)
..\..\..\SourceFile\wnd.c(86): error:  #20: identifier "uint8_t" is undefined
        static uint8_t flag=0;
..\..\..\SourceFile\wnd.c: 0 warnings, 15 errors
compiling mych375.c...
..\..\..\STM32_CH375\mych375.c(89): error:  #20: identifier "Timer1" is undefined
        Timer1=400;
..\..\..\STM32_CH375\mych375.c(174): error:  #20: identifier "Timer1" is undefined
                Timer1=500;
..\..\..\STM32_CH375\mych375.c: 0 warnings, 2 errors
compiling CH375Main.c...
..\..\..\STM32_CH375\CH375Main.c(58): warning:  #223-D: function "USART1_Puts" declared implicitly
        USART1_Puts(" 请插入U盘 ");
..\..\..\STM32_CH375\CH375Main.c(61): warning:  #223-D: function "SetUartFileDis" declared implicitly
        SetUartFileDis();
..\..\..\STM32_CH375\CH375Main.c(109): warning:  #940-D: missing return statement at end of non-void function "CH375_init"
  }
..\..\..\STM32_CH375\CH375Main.c(35): warning:  #177-D: variable "i" was declared but never referenced
        u8 i;
..\..\..\STM32_CH375\CH375Main.c: 4 warnings, 0 errors
"..\..\Output\Template.axf" - 131 Error(s), 65 Warning(s).

<h2>Collection of Component include folders:</h2>
  F:\ai-english\MS3\STM32_PRJ\Project\RVMDK（uv4）\RTE
  d:\Keil_v5\ARM\PACK\Keil\STM32F1xx_DFP\1.0.5\Device\Include

<h2>Collection of Component Files used:</h2>
Target not created.
</pre>
</body>
</html>
